<?xml version="1.0" encoding="UTF-8"?>
<robot generator="Robot 6.1.1 (Python 3.11.4 on win32)" generated="20230904 11:44:47.911" rpa="false" schemaversion="4">
<suite id="s1" name="Amazon Testes" source="C:\Users\Erika Santana\Desktop\teste-robot\amazon_testes.robot">
<test id="s1-t1" name="Caso de Teste 01 - Acesso ao menu &quot;Eletrônicos&quot;" line="9">
<kw name="Abrir o navegador" library="amazon_resources" type="SETUP">
<kw name="Open Browser" library="SeleniumLibrary">
<arg>browser=chrome</arg>
<doc>Opens a new browser instance to the optional ``url``.</doc>
<msg timestamp="20230904 11:44:48.128" level="INFO">Opening browser 'chrome' to base url 'None'.</msg>
<status status="PASS" starttime="20230904 11:44:48.128" endtime="20230904 11:44:49.501"/>
</kw>
<kw name="Maximize Browser Window" library="SeleniumLibrary">
<doc>Maximizes current browser window.</doc>
<status status="PASS" starttime="20230904 11:44:49.501" endtime="20230904 11:44:49.621"/>
</kw>
<status status="PASS" starttime="20230904 11:44:48.128" endtime="20230904 11:44:49.621"/>
</kw>
<kw name="Acessar a home page do site Amazon.com.br" library="amazon_resources">
<kw name="Go To" library="SeleniumLibrary">
<arg>url=${URL}</arg>
<doc>Navigates the current browser window to the provided ``url``.</doc>
<msg timestamp="20230904 11:44:49.622" level="INFO">Opening url 'https://www.amazon.com.br'</msg>
<status status="PASS" starttime="20230904 11:44:49.622" endtime="20230904 11:44:51.203"/>
</kw>
<kw name="Wait Until Element Is Visible" library="SeleniumLibrary">
<arg>locator=${MENU_ELETRONICOS}</arg>
<doc>Waits until the element ``locator`` is visible.</doc>
<status status="PASS" starttime="20230904 11:44:51.204" endtime="20230904 11:44:51.237"/>
</kw>
<status status="PASS" starttime="20230904 11:44:49.622" endtime="20230904 11:44:51.237"/>
</kw>
<kw name="Entrar no menu &quot;Eletrônicos&quot;" library="amazon_resources">
<kw name="Click Element" library="SeleniumLibrary">
<arg>locator=${MENU_ELETRONICOS}</arg>
<doc>Click the element identified by ``locator``.</doc>
<msg timestamp="20230904 11:44:51.238" level="INFO">Clicking element '//a[@href='/Eletronicos-e-Tecnologia/b/?ie=UTF8&amp;node=16209062011&amp;ref_=nav_cs_electronics'][contains(.,'Eletrônicos')]'.</msg>
<status status="PASS" starttime="20230904 11:44:51.238" endtime="20230904 11:44:53.271"/>
</kw>
<status status="PASS" starttime="20230904 11:44:51.237" endtime="20230904 11:44:53.272"/>
</kw>
<kw name="Verificar se aparece a frase &quot;Eletrônicos e Tecnologia&quot;" library="amazon_resources">
<kw name="Wait Until Page Contains" library="SeleniumLibrary">
<arg>text=${TEXTO_HEADER_ELETRONICOS}</arg>
<doc>Waits until ``text`` appears on the current page.</doc>
<status status="PASS" starttime="20230904 11:44:53.273" endtime="20230904 11:44:53.348"/>
</kw>
<kw name="Wait Until Element Is Visible" library="SeleniumLibrary">
<arg>locator=${HEADER_ELETRONICOS}</arg>
<doc>Waits until the element ``locator`` is visible.</doc>
<status status="PASS" starttime="20230904 11:44:53.348" endtime="20230904 11:44:53.457"/>
</kw>
<status status="PASS" starttime="20230904 11:44:53.273" endtime="20230904 11:44:53.457"/>
</kw>
<kw name="Fechar o navegador" library="amazon_resources" type="TEARDOWN">
<kw name="Close Browser" library="SeleniumLibrary">
<doc>Closes the current browser.</doc>
<status status="PASS" starttime="20230904 11:44:53.458" endtime="20230904 11:44:55.695"/>
</kw>
<status status="PASS" starttime="20230904 11:44:53.457" endtime="20230904 11:44:55.696"/>
</kw>
<doc>Esse teste verifica o menu eletrônicos do site da Amazon.com.br
e verifica a categoria Computadores e Informática</doc>
<tag>menus categorias</tag>
<status status="PASS" starttime="20230904 11:44:48.127" endtime="20230904 11:44:55.697"/>
</test>
<doc>Essa suite testa o site da Amanoz.com.busca_produtos antes de cada teste</doc>
<status status="PASS" starttime="20230904 11:44:47.912" endtime="20230904 11:44:55.701"/>
</suite>
<statistics>
<total>
<stat pass="1" fail="0" skip="0">All Tests</stat>
</total>
<tag>
<stat pass="1" fail="0" skip="0">menus categorias</stat>
</tag>
<suite>
<stat pass="1" fail="0" skip="0" id="s1" name="Amazon Testes">Amazon Testes</stat>
</suite>
</statistics>
<errors>
</errors>
</robot>
