<?xml version="1.0" encoding="UTF-8"?>
<robot generator="Robot 6.1.1 (Python 3.11.4 on win32)" generated="20230904 21:34:17.870" rpa="false" schemaversion="4">
<suite id="s1" name="Amazon Testes" source="C:\Users\Erika Santana\Desktop\teste-robot\amazon_testes.robot">
<test id="s1-t1" name="Caso de Teste 01 - Acesso ao menu &quot;Eletrônicos&quot;" line="9">
<kw name="Abrir o navegador" library="amazon_resources" type="SETUP">
<kw name="Open Browser" library="SeleniumLibrary">
<arg>browser=chrome</arg>
<doc>Opens a new browser instance to the optional ``url``.</doc>
<msg timestamp="20230904 21:34:18.137" level="INFO">Opening browser 'chrome' to base url 'None'.</msg>
<status status="PASS" starttime="20230904 21:34:18.136" endtime="20230904 21:34:19.533"/>
</kw>
<kw name="Maximize Browser Window" library="SeleniumLibrary">
<doc>Maximizes current browser window.</doc>
<status status="PASS" starttime="20230904 21:34:19.533" endtime="20230904 21:34:19.652"/>
</kw>
<status status="PASS" starttime="20230904 21:34:18.136" endtime="20230904 21:34:19.652"/>
</kw>
<kw name="Acessar a home page do site Amazon.com.br" library="amazon_resources">
<kw name="Go To" library="SeleniumLibrary">
<arg>url=${URL}</arg>
<doc>Navigates the current browser window to the provided ``url``.</doc>
<msg timestamp="20230904 21:34:19.654" level="INFO">Opening url 'https://www.amazon.com.br'</msg>
<status status="PASS" starttime="20230904 21:34:19.654" endtime="20230904 21:34:21.706"/>
</kw>
<kw name="Wait Until Element Is Visible" library="SeleniumLibrary">
<arg>locator=${MENU_ELETRONICOS}</arg>
<doc>Waits until the element ``locator`` is visible.</doc>
<status status="PASS" starttime="20230904 21:34:21.706" endtime="20230904 21:34:21.770"/>
</kw>
<status status="PASS" starttime="20230904 21:34:19.653" endtime="20230904 21:34:21.770"/>
</kw>
<kw name="Entrar no menu &quot;Eletrônicos&quot;" library="amazon_resources">
<kw name="Click Element" library="SeleniumLibrary">
<arg>locator=${MENU_ELETRONICOS}</arg>
<doc>Click the element identified by ``locator``.</doc>
<msg timestamp="20230904 21:34:21.772" level="INFO">Clicking element '//a[@href='/Eletronicos-e-Tecnologia/b/?ie=UTF8&amp;node=16209062011&amp;ref_=nav_cs_electronics'][contains(.,'Eletrônicos')]'.</msg>
<status status="PASS" starttime="20230904 21:34:21.771" endtime="20230904 21:34:22.653"/>
</kw>
<status status="PASS" starttime="20230904 21:34:21.771" endtime="20230904 21:34:22.654"/>
</kw>
<kw name="Verificar se aparece a frase &quot;Eletrônicos e Tecnologia&quot;" library="amazon_resources" sourcename="Verificar se aparece a frase &quot;${FRASE}&quot;">
<kw name="Wait Until Page Contains" library="SeleniumLibrary">
<arg>${FRASE}</arg>
<doc>Waits until ``text`` appears on the current page.</doc>
<status status="PASS" starttime="20230904 21:34:22.655" endtime="20230904 21:34:22.907"/>
</kw>
<kw name="Wait Until Element Is Visible" library="SeleniumLibrary">
<arg>locator=${HEADER_ELETRONICOS}</arg>
<doc>Waits until the element ``locator`` is visible.</doc>
<status status="PASS" starttime="20230904 21:34:22.907" endtime="20230904 21:34:23.735"/>
</kw>
<status status="PASS" starttime="20230904 21:34:22.654" endtime="20230904 21:34:23.735"/>
</kw>
<kw name="Verificar se o título da página fica &quot;Eletrônicos e Tecnologia | Amazon.com.br&quot;" library="amazon_resources" sourcename="Verificar se o título da página fica &quot;${TITULO}&quot;">
<kw name="Title Should Be" library="SeleniumLibrary">
<arg>title=${TITULO}</arg>
<doc>Verifies that the current page title equals ``title``.</doc>
<msg timestamp="20230904 21:34:23.834" level="INFO">Page title is 'Eletrônicos e Tecnologia | Amazon.com.br'.</msg>
<status status="PASS" starttime="20230904 21:34:23.737" endtime="20230904 21:34:23.834"/>
</kw>
<status status="PASS" starttime="20230904 21:34:23.735" endtime="20230904 21:34:23.834"/>
</kw>
<kw name="Verificar se aparece a categoria &quot;Computadores e Informática&quot;" library="amazon_resources" sourcename="Verificar se aparece a categoria &quot;${NOME_CATEGORIA}&quot;">
<kw name="Element Should Be Visible" library="SeleniumLibrary">
<arg>locator=//a[@aria-label='${NOME_CATEGORIA}']</arg>
<doc>Verifies that the element identified by ``locator`` is visible.</doc>
<msg timestamp="20230904 21:34:23.961" level="INFO">Element '//a[@aria-label='Computadores e Informática']' is displayed.</msg>
<status status="PASS" starttime="20230904 21:34:23.836" endtime="20230904 21:34:23.961"/>
</kw>
<status status="PASS" starttime="20230904 21:34:23.836" endtime="20230904 21:34:23.961"/>
</kw>
<kw name="Verificar se aparece a categoria &quot;Tablets&quot;" library="amazon_resources" sourcename="Verificar se aparece a categoria &quot;${NOME_CATEGORIA}&quot;">
<kw name="Element Should Be Visible" library="SeleniumLibrary">
<arg>locator=//a[@aria-label='${NOME_CATEGORIA}']</arg>
<doc>Verifies that the element identified by ``locator`` is visible.</doc>
<msg timestamp="20230904 21:34:24.114" level="INFO">Element '//a[@aria-label='Tablets']' is displayed.</msg>
<status status="PASS" starttime="20230904 21:34:23.962" endtime="20230904 21:34:24.114"/>
</kw>
<status status="PASS" starttime="20230904 21:34:23.962" endtime="20230904 21:34:24.114"/>
</kw>
<kw name="Fechar o navegador" library="amazon_resources" type="TEARDOWN">
<kw name="Capture Page Screenshot" library="SeleniumLibrary">
<doc>Takes a screenshot of the current page and embeds it into a log file.</doc>
<msg timestamp="20230904 21:34:24.352" level="INFO" html="true">&lt;/td&gt;&lt;/tr&gt;&lt;tr&gt;&lt;td colspan="3"&gt;&lt;a href="selenium-screenshot-7.png"&gt;&lt;img src="selenium-screenshot-7.png" width="800px"&gt;&lt;/a&gt;</msg>
<status status="PASS" starttime="20230904 21:34:24.115" endtime="20230904 21:34:24.352"/>
</kw>
<kw name="Close Browser" library="SeleniumLibrary">
<doc>Closes the current browser.</doc>
<status status="PASS" starttime="20230904 21:34:24.352" endtime="20230904 21:34:26.558"/>
</kw>
<status status="PASS" starttime="20230904 21:34:24.115" endtime="20230904 21:34:26.558"/>
</kw>
<doc>Esse teste verifica o menu eletrônicos do site da Amazon.com.br
e verifica a categoria Computadores e Informática</doc>
<tag>menus categorias</tag>
<status status="PASS" starttime="20230904 21:34:18.135" endtime="20230904 21:34:26.560"/>
</test>
<test id="s1-t2" name="Caso de Teste 02 - Pesquisa de um Produto" line="20">
<kw name="Abrir o navegador" library="amazon_resources" type="SETUP">
<kw name="Open Browser" library="SeleniumLibrary">
<arg>browser=chrome</arg>
<doc>Opens a new browser instance to the optional ``url``.</doc>
<msg timestamp="20230904 21:34:26.565" level="INFO">Opening browser 'chrome' to base url 'None'.</msg>
<status status="PASS" starttime="20230904 21:34:26.564" endtime="20230904 21:34:27.956"/>
</kw>
<kw name="Maximize Browser Window" library="SeleniumLibrary">
<doc>Maximizes current browser window.</doc>
<status status="PASS" starttime="20230904 21:34:27.956" endtime="20230904 21:34:28.073"/>
</kw>
<status status="PASS" starttime="20230904 21:34:26.564" endtime="20230904 21:34:28.073"/>
</kw>
<kw name="Acessar a home page do site Amazon.com.br" library="amazon_resources">
<kw name="Go To" library="SeleniumLibrary">
<arg>url=${URL}</arg>
<doc>Navigates the current browser window to the provided ``url``.</doc>
<msg timestamp="20230904 21:34:28.077" level="INFO">Opening url 'https://www.amazon.com.br'</msg>
<status status="PASS" starttime="20230904 21:34:28.076" endtime="20230904 21:34:29.974"/>
</kw>
<kw name="Wait Until Element Is Visible" library="SeleniumLibrary">
<arg>locator=${MENU_ELETRONICOS}</arg>
<doc>Waits until the element ``locator`` is visible.</doc>
<status status="PASS" starttime="20230904 21:34:29.974" endtime="20230904 21:34:29.998"/>
</kw>
<status status="PASS" starttime="20230904 21:34:28.074" endtime="20230904 21:34:29.998"/>
</kw>
<kw name="Digitar o nome de produto &quot;Xbox Series S&quot; no campo de pesquisa" library="amazon_resources" sourcename="Digitar o nome de produto &quot;${PRODUTO}&quot; no campo de pesquisa">
<kw name="Input Text" library="SeleniumLibrary">
<arg>locator=twotabsearchtextbox</arg>
<arg>text=${PRODUTO}</arg>
<doc>Types the given ``text`` into the text field identified by ``locator``.</doc>
<msg timestamp="20230904 21:34:29.999" level="INFO">Typing text 'Xbox Series S' into text field 'twotabsearchtextbox'.</msg>
<status status="PASS" starttime="20230904 21:34:29.999" endtime="20230904 21:34:30.111"/>
</kw>
<status status="PASS" starttime="20230904 21:34:29.999" endtime="20230904 21:34:30.111"/>
</kw>
<kw name="Clicar no botão de pesquisa" library="amazon_resources">
<kw name="Click Button" library="SeleniumLibrary">
<arg>locator=nav-search-submit-button</arg>
<doc>Clicks the button identified by ``locator``.</doc>
<msg timestamp="20230904 21:34:30.112" level="INFO">Clicking button 'nav-search-submit-button'.</msg>
<status status="PASS" starttime="20230904 21:34:30.112" endtime="20230904 21:34:32.092"/>
</kw>
<status status="PASS" starttime="20230904 21:34:30.112" endtime="20230904 21:34:32.093"/>
</kw>
<kw name="Verificar o resultado da pesquisa se está listando o produto &quot;Console Xbox Series S&quot;" library="amazon_resources" sourcename="Verificar o resultado da pesquisa se está listando o produto &quot;${PRODUTO}&quot;">
<kw name="Wait Until Element Is Visible" library="SeleniumLibrary">
<arg>locator=(//span[contains(.,'${PRODUTO}')])[2]</arg>
<doc>Waits until the element ``locator`` is visible.</doc>
<status status="PASS" starttime="20230904 21:34:32.093" endtime="20230904 21:34:32.126"/>
</kw>
<status status="PASS" starttime="20230904 21:34:32.093" endtime="20230904 21:34:32.126"/>
</kw>
<kw name="Fechar o navegador" library="amazon_resources" type="TEARDOWN">
<kw name="Capture Page Screenshot" library="SeleniumLibrary">
<doc>Takes a screenshot of the current page and embeds it into a log file.</doc>
<msg timestamp="20230904 21:34:32.368" level="INFO" html="true">&lt;/td&gt;&lt;/tr&gt;&lt;tr&gt;&lt;td colspan="3"&gt;&lt;a href="selenium-screenshot-8.png"&gt;&lt;img src="selenium-screenshot-8.png" width="800px"&gt;&lt;/a&gt;</msg>
<status status="PASS" starttime="20230904 21:34:32.128" endtime="20230904 21:34:32.368"/>
</kw>
<kw name="Close Browser" library="SeleniumLibrary">
<doc>Closes the current browser.</doc>
<status status="PASS" starttime="20230904 21:34:32.369" endtime="20230904 21:34:34.578"/>
</kw>
<status status="PASS" starttime="20230904 21:34:32.127" endtime="20230904 21:34:34.578"/>
</kw>
<doc>Esse teste verifica a busca de um produto</doc>
<tag>busca_produtos</tag>
<tag>lista_busca</tag>
<status status="PASS" starttime="20230904 21:34:26.563" endtime="20230904 21:34:34.578"/>
</test>
<doc>Essa suite testa o site da Amanoz.com.busca_produtos antes de cada teste</doc>
<status status="PASS" starttime="20230904 21:34:17.875" endtime="20230904 21:34:34.579"/>
</suite>
<statistics>
<total>
<stat pass="2" fail="0" skip="0">All Tests</stat>
</total>
<tag>
<stat pass="1" fail="0" skip="0">busca_produtos</stat>
<stat pass="1" fail="0" skip="0">lista_busca</stat>
<stat pass="1" fail="0" skip="0">menus categorias</stat>
</tag>
<suite>
<stat pass="2" fail="0" skip="0" id="s1" name="Amazon Testes">Amazon Testes</stat>
</suite>
</statistics>
<errors>
</errors>
</robot>
