<?xml version="1.0" encoding="UTF-8"?>
<robot generator="Robot 6.1.1 (Python 3.11.4 on win32)" generated="20230912 20:44:01.342" rpa="false" schemaversion="4">
<suite id="s1" name="Amazon Testes Gherkin Bdd" source="C:\Users\Erika Santana\Desktop\teste-robot\amazon_testes_gherkin_bdd.robot">
<test id="s1-t1" name="Caso de Teste 02 - Pesquisa de um Produto" line="23">
<kw name="Abrir o navegador" library="amazon_resources" type="SETUP">
<kw name="Open Browser" library="SeleniumLibrary">
<arg>browser=chrome</arg>
<doc>Opens a new browser instance to the optional ``url``.</doc>
<msg timestamp="20230912 20:44:01.575" level="INFO">Opening browser 'chrome' to base url 'None'.</msg>
<status status="PASS" starttime="20230912 20:44:01.575" endtime="20230912 20:44:02.919"/>
</kw>
<kw name="Maximize Browser Window" library="SeleniumLibrary">
<doc>Maximizes current browser window.</doc>
<status status="PASS" starttime="20230912 20:44:02.920" endtime="20230912 20:44:03.041"/>
</kw>
<status status="PASS" starttime="20230912 20:44:01.575" endtime="20230912 20:44:03.041"/>
</kw>
<kw name="Dado que estou na home page da Amazon.com.br" library="amazon_resources">
<kw name="Acessar a home page do site Amazon.com.br" library="amazon_resources">
<kw name="Go To" library="SeleniumLibrary">
<arg>url=${URL}</arg>
<doc>Navigates the current browser window to the provided ``url``.</doc>
<msg timestamp="20230912 20:44:03.042" level="INFO">Opening url 'https://www.amazon.com.br'</msg>
<status status="PASS" starttime="20230912 20:44:03.042" endtime="20230912 20:44:09.557"/>
</kw>
<kw name="Wait Until Element Is Visible" library="SeleniumLibrary">
<arg>locator=${MENU_ELETRONICOS}</arg>
<doc>Waits until the element ``locator`` is visible.</doc>
<status status="PASS" starttime="20230912 20:44:09.558" endtime="20230912 20:44:09.581"/>
</kw>
<status status="PASS" starttime="20230912 20:44:03.042" endtime="20230912 20:44:09.581"/>
</kw>
<status status="PASS" starttime="20230912 20:44:03.042" endtime="20230912 20:44:09.581"/>
</kw>
<kw name="Quando pesquisar pelo produto &quot;Xbox Series S&quot;" library="amazon_resources">
<kw name="Digitar o nome de produto &quot;Xbox Series S&quot; no campo de pesquisa" library="amazon_resources" sourcename="Digitar o nome de produto &quot;${PRODUTO}&quot; no campo de pesquisa">
<kw name="Input Text" library="SeleniumLibrary">
<arg>locator=twotabsearchtextbox</arg>
<arg>text=${PRODUTO}</arg>
<doc>Types the given ``text`` into the text field identified by ``locator``.</doc>
<msg timestamp="20230912 20:44:09.583" level="INFO">Typing text 'Xbox Series S' into text field 'twotabsearchtextbox'.</msg>
<status status="PASS" starttime="20230912 20:44:09.582" endtime="20230912 20:44:09.819"/>
</kw>
<status status="PASS" starttime="20230912 20:44:09.582" endtime="20230912 20:44:09.819"/>
</kw>
<kw name="Clicar no botão de pesquisa" library="amazon_resources">
<kw name="Click Button" library="SeleniumLibrary">
<arg>locator=nav-search-submit-button</arg>
<doc>Clicks the button identified by ``locator``.</doc>
<msg timestamp="20230912 20:44:09.819" level="INFO">Clicking button 'nav-search-submit-button'.</msg>
<status status="PASS" starttime="20230912 20:44:09.819" endtime="20230912 20:44:12.194"/>
</kw>
<status status="PASS" starttime="20230912 20:44:09.819" endtime="20230912 20:44:12.194"/>
</kw>
<status status="PASS" starttime="20230912 20:44:09.582" endtime="20230912 20:44:12.194"/>
</kw>
<kw name="Então o título da página deve ficar &quot;Amazon.com.br : Xbox Series S&quot;" library="amazon_resources">
<kw name="Verificar se o título da página fica &quot;Amazon.com.br : Xbox Series S&quot;" library="amazon_resources" sourcename="Verificar se o título da página fica &quot;${TITULO}&quot;">
<kw name="Title Should Be" library="SeleniumLibrary">
<arg>title=${TITULO}</arg>
<doc>Verifies that the current page title equals ``title``.</doc>
<msg timestamp="20230912 20:44:12.199" level="INFO">Page title is 'Amazon.com.br : Xbox Series S'.</msg>
<status status="PASS" starttime="20230912 20:44:12.194" endtime="20230912 20:44:12.199"/>
</kw>
<status status="PASS" starttime="20230912 20:44:12.194" endtime="20230912 20:44:12.199"/>
</kw>
<status status="PASS" starttime="20230912 20:44:12.194" endtime="20230912 20:44:12.199"/>
</kw>
<kw name="E um produto da linha &quot;Xbox Series S&quot; deve ser mostrado na página" library="amazon_resources">
<kw name="Verificar o resultado da pesquisa se está listando o produto &quot;Console Xbox Series S&quot;" library="amazon_resources" sourcename="Verificar o resultado da pesquisa se está listando o produto &quot;${PRODUTO}&quot;">
<kw name="Wait Until Element Is Visible" library="SeleniumLibrary">
<arg>locator=(//span[contains(.,'${PRODUTO}')])[2]</arg>
<doc>Waits until the element ``locator`` is visible.</doc>
<status status="PASS" starttime="20230912 20:44:12.200" endtime="20230912 20:44:12.240"/>
</kw>
<status status="PASS" starttime="20230912 20:44:12.200" endtime="20230912 20:44:12.240"/>
</kw>
<status status="PASS" starttime="20230912 20:44:12.200" endtime="20230912 20:44:12.240"/>
</kw>
<kw name="Fechar o navegador" library="amazon_resources" type="TEARDOWN">
<kw name="Capture Page Screenshot" library="SeleniumLibrary">
<doc>Takes a screenshot of the current page and embeds it into a log file.</doc>
<msg timestamp="20230912 20:44:12.496" level="INFO" html="true">&lt;/td&gt;&lt;/tr&gt;&lt;tr&gt;&lt;td colspan="3"&gt;&lt;a href="selenium-screenshot-13.png"&gt;&lt;img src="selenium-screenshot-13.png" width="800px"&gt;&lt;/a&gt;</msg>
<status status="PASS" starttime="20230912 20:44:12.242" endtime="20230912 20:44:12.496"/>
</kw>
<kw name="Close Browser" library="SeleniumLibrary">
<doc>Closes the current browser.</doc>
<status status="PASS" starttime="20230912 20:44:12.496" endtime="20230912 20:44:14.667"/>
</kw>
<status status="PASS" starttime="20230912 20:44:12.241" endtime="20230912 20:44:14.668"/>
</kw>
<doc>Esse teste verifica a busca de um produto</doc>
<tag>busca_produtos</tag>
<tag>lista_busca</tag>
<status status="PASS" starttime="20230912 20:44:01.574" endtime="20230912 20:44:14.669"/>
</test>
<doc>Essa suite testa o site da Amanoz.com.busca_produtos antes de cada teste</doc>
<status status="PASS" starttime="20230912 20:44:01.343" endtime="20230912 20:44:14.672"/>
</suite>
<statistics>
<total>
<stat pass="1" fail="0" skip="0">All Tests</stat>
</total>
<tag>
<stat pass="1" fail="0" skip="0">busca_produtos</stat>
<stat pass="1" fail="0" skip="0">lista_busca</stat>
</tag>
<suite>
<stat pass="1" fail="0" skip="0" id="s1" name="Amazon Testes Gherkin Bdd">Amazon Testes Gherkin Bdd</stat>
</suite>
</statistics>
<errors>
</errors>
</robot>
