<?xml version="1.0" encoding="UTF-8"?>
<robot generator="Robot 6.1.1 (Python 3.11.4 on win32)" generated="20230914 12:06:11.801" rpa="false" schemaversion="4">
<suite id="s1" name="Amazon Testes Gherkin Bdd" source="C:\Users\Erika Santana\Desktop\teste-robot\amazon_testes_gherkin_bdd.robot">
<test id="s1-t1" name="Caso de Teste 02 - Pesquisa de um Produto" line="23">
<kw name="Abrir o navegador" library="amazon_resources" type="SETUP">
<kw name="Open Browser" library="SeleniumLibrary">
<arg>browser=chrome</arg>
<doc>Opens a new browser instance to the optional ``url``.</doc>
<msg timestamp="20230914 12:06:12.168" level="INFO">Opening browser 'chrome' to base url 'None'.</msg>
<status status="PASS" starttime="20230914 12:06:12.168" endtime="20230914 12:06:13.819"/>
</kw>
<kw name="Maximize Browser Window" library="SeleniumLibrary">
<doc>Maximizes current browser window.</doc>
<status status="PASS" starttime="20230914 12:06:13.819" endtime="20230914 12:06:13.938"/>
</kw>
<status status="PASS" starttime="20230914 12:06:12.168" endtime="20230914 12:06:13.938"/>
</kw>
<kw name="Dado que estou na home page da Amazon.com.br" library="amazon_resources">
<kw name="Acessar a home page do site Amazon.com.br" library="amazon_resources">
<kw name="Go To" library="SeleniumLibrary">
<arg>url=${URL}</arg>
<doc>Navigates the current browser window to the provided ``url``.</doc>
<msg timestamp="20230914 12:06:13.939" level="INFO">Opening url 'https://www.amazon.com.br'</msg>
<status status="PASS" starttime="20230914 12:06:13.939" endtime="20230914 12:06:16.254"/>
</kw>
<kw name="Wait Until Element Is Visible" library="SeleniumLibrary">
<arg>locator=${MENU_ELETRONICOS}</arg>
<doc>Waits until the element ``locator`` is visible.</doc>
<status status="PASS" starttime="20230914 12:06:16.254" endtime="20230914 12:06:16.472"/>
</kw>
<status status="PASS" starttime="20230914 12:06:13.939" endtime="20230914 12:06:16.472"/>
</kw>
<status status="PASS" starttime="20230914 12:06:13.939" endtime="20230914 12:06:16.472"/>
</kw>
<kw name="Quando pesquisar pelo produto &quot;Xbox Series S&quot;" library="amazon_resources">
<kw name="Digitar o nome de produto &quot;Xbox Series S&quot; no campo de pesquisa" library="amazon_resources" sourcename="Digitar o nome de produto &quot;${PRODUTO}&quot; no campo de pesquisa">
<kw name="Input Text" library="SeleniumLibrary">
<arg>locator=twotabsearchtextbox</arg>
<arg>text=${PRODUTO}</arg>
<doc>Types the given ``text`` into the text field identified by ``locator``.</doc>
<msg timestamp="20230914 12:06:16.474" level="INFO">Typing text 'Xbox Series S' into text field 'twotabsearchtextbox'.</msg>
<status status="PASS" starttime="20230914 12:06:16.473" endtime="20230914 12:06:16.818"/>
</kw>
<status status="PASS" starttime="20230914 12:06:16.473" endtime="20230914 12:06:16.818"/>
</kw>
<kw name="Clicar no botão de pesquisa" library="amazon_resources">
<kw name="Click Button" library="SeleniumLibrary">
<arg>locator=nav-search-submit-button</arg>
<doc>Clicks the button identified by ``locator``.</doc>
<msg timestamp="20230914 12:06:16.819" level="INFO">Clicking button 'nav-search-submit-button'.</msg>
<status status="PASS" starttime="20230914 12:06:16.818" endtime="20230914 12:06:19.865"/>
</kw>
<status status="PASS" starttime="20230914 12:06:16.818" endtime="20230914 12:06:19.865"/>
</kw>
<status status="PASS" starttime="20230914 12:06:16.473" endtime="20230914 12:06:19.865"/>
</kw>
<kw name="Então o título da página deve ficar &quot;Amazon.com.br : Xbox Series S&quot;" library="amazon_resources">
<kw name="Verificar se o título da página fica &quot;Amazon.com.br : Xbox Series S&quot;" library="amazon_resources" sourcename="Verificar se o título da página fica &quot;${TITULO}&quot;">
<kw name="Title Should Be" library="SeleniumLibrary">
<arg>title=${TITULO}</arg>
<doc>Verifies that the current page title equals ``title``.</doc>
<msg timestamp="20230914 12:06:19.871" level="INFO">Page title is 'Amazon.com.br : Xbox Series S'.</msg>
<status status="PASS" starttime="20230914 12:06:19.866" endtime="20230914 12:06:19.872"/>
</kw>
<status status="PASS" starttime="20230914 12:06:19.866" endtime="20230914 12:06:19.872"/>
</kw>
<status status="PASS" starttime="20230914 12:06:19.865" endtime="20230914 12:06:19.872"/>
</kw>
<kw name="E um produto da linha &quot;Xbox Series S&quot; deve ser mostrado na página" library="amazon_resources">
<kw name="Verificar o resultado da pesquisa se está listando o produto &quot;Console Xbox Series S&quot;" library="amazon_resources" sourcename="Verificar o resultado da pesquisa se está listando o produto &quot;${PRODUTO}&quot;">
<kw name="Wait Until Element Is Visible" library="SeleniumLibrary">
<arg>locator=(//span[contains(.,'${PRODUTO}')])[2]</arg>
<doc>Waits until the element ``locator`` is visible.</doc>
<status status="PASS" starttime="20230914 12:06:19.873" endtime="20230914 12:06:19.907"/>
</kw>
<status status="PASS" starttime="20230914 12:06:19.873" endtime="20230914 12:06:19.907"/>
</kw>
<status status="PASS" starttime="20230914 12:06:19.872" endtime="20230914 12:06:19.907"/>
</kw>
<kw name="Fechar o navegador" library="amazon_resources" type="TEARDOWN">
<kw name="Capture Page Screenshot" library="SeleniumLibrary">
<doc>Takes a screenshot of the current page and embeds it into a log file.</doc>
<msg timestamp="20230914 12:06:20.220" level="INFO" html="true">&lt;/td&gt;&lt;/tr&gt;&lt;tr&gt;&lt;td colspan="3"&gt;&lt;a href="selenium-screenshot-14.png"&gt;&lt;img src="selenium-screenshot-14.png" width="800px"&gt;&lt;/a&gt;</msg>
<status status="PASS" starttime="20230914 12:06:19.909" endtime="20230914 12:06:20.220"/>
</kw>
<kw name="Close Browser" library="SeleniumLibrary">
<doc>Closes the current browser.</doc>
<status status="PASS" starttime="20230914 12:06:20.220" endtime="20230914 12:06:22.474"/>
</kw>
<status status="PASS" starttime="20230914 12:06:19.908" endtime="20230914 12:06:22.475"/>
</kw>
<doc>Esse teste verifica a busca de um produto</doc>
<tag>busca_produtos</tag>
<tag>lista_busca</tag>
<status status="PASS" starttime="20230914 12:06:12.167" endtime="20230914 12:06:22.476"/>
</test>
<doc>Essa suite testa o site da Amanoz.com.busca_produtos antes de cada teste</doc>
<status status="PASS" starttime="20230914 12:06:11.804" endtime="20230914 12:06:22.477"/>
</suite>
<statistics>
<total>
<stat pass="1" fail="0" skip="0">All Tests</stat>
</total>
<tag>
<stat pass="1" fail="0" skip="0">busca_produtos</stat>
<stat pass="1" fail="0" skip="0">lista_busca</stat>
</tag>
<suite>
<stat pass="1" fail="0" skip="0" id="s1" name="Amazon Testes Gherkin Bdd">Amazon Testes Gherkin Bdd</stat>
</suite>
</statistics>
<errors>
</errors>
</robot>
